<?xml version="1.0" encoding="UTF-8"?>
<testng-results skipped="0" failed="1" total="6" passed="5">
  <reporter-output>
  </reporter-output>
  <suite name="Surefire suite" duration-ms="37971" started-at="2016-09-20T17:29:24Z" finished-at="2016-09-20T17:30:02Z">
    <groups>
    </groups>
    <test name="Surefire test" duration-ms="37971" started-at="2016-09-20T17:29:24Z" finished-at="2016-09-20T17:30:02Z">
      <class name="com.redmine.tests.BasicTestCase">
        <test-method status="PASS" signature="tearDown()[pri:0, instance:com.redmine.tests.BasicTestCase@3e96bacf]" name="tearDown" is-config="true" duration-ms="2766" started-at="2016-09-20T23:30:03Z" finished-at="2016-09-20T23:30:05Z">
          <reporter-output>
          </reporter-output>
        </test-method> <!-- tearDown -->
      </class> <!-- com.redmine.tests.BasicTestCase -->
      <class name="com.redmine.tests.TestLogin">
        <test-method status="PASS" signature="testAddQuestion()[pri:0, instance:com.redmine.tests.TestLogin@2b4bac49]" name="testAddQuestion" duration-ms="14040" started-at="2016-09-20T23:29:25Z" finished-at="2016-09-20T23:29:39Z">
          <reporter-output>
          </reporter-output>
        </test-method> <!-- testAddQuestion -->
        <test-method status="PASS" signature="testFirstFormPresent()[pri:0, instance:com.redmine.tests.TestLogin@2b4bac49]" name="testFirstFormPresent" duration-ms="3355" started-at="2016-09-20T23:29:39Z" finished-at="2016-09-20T23:29:42Z">
          <reporter-output>
          </reporter-output>
        </test-method> <!-- testFirstFormPresent -->
        <test-method status="PASS" signature="testTextErrorFirstForm()[pri:0, instance:com.redmine.tests.TestLogin@2b4bac49]" name="testTextErrorFirstForm" duration-ms="2768" started-at="2016-09-20T23:29:42Z" finished-at="2016-09-20T23:29:45Z">
          <reporter-output>
          </reporter-output>
        </test-method> <!-- testTextErrorFirstForm -->
        <test-method status="FAIL" signature="testTextErrorTwoForm()[pri:0, instance:com.redmine.tests.TestLogin@2b4bac49]" name="testTextErrorTwoForm" duration-ms="8435" started-at="2016-09-20T23:29:45Z" finished-at="2016-09-20T23:29:53Z">
          <exception class="java.lang.AssertionError">
            <message>
              <![CDATA[expected [true] but found [false]]]>
            </message>
            <full-stacktrace>
              <![CDATA[java.lang.AssertionError: expected [true] but found [false]
	at org.testng.Assert.fail(Assert.java:94)
	at org.testng.Assert.failNotEquals(Assert.java:513)
	at org.testng.Assert.assertTrue(Assert.java:42)
	at org.testng.Assert.assertTrue(Assert.java:52)
	at com.redmine.tests.TestLogin.testTextErrorTwoForm(TestLogin.java:72)
	at sun.reflect.NativeMethodAccessorImpl.invoke0(Native Method)
	at sun.reflect.NativeMethodAccessorImpl.invoke(NativeMethodAccessorImpl.java:62)
	at sun.reflect.DelegatingMethodAccessorImpl.invoke(DelegatingMethodAccessorImpl.java:43)
	at java.lang.reflect.Method.invoke(Method.java:498)
	at org.testng.internal.MethodInvocationHelper.invokeMethod(MethodInvocationHelper.java:86)
	at org.testng.internal.Invoker.invokeMethod(Invoker.java:643)
	at org.testng.internal.Invoker.invokeTestMethod(Invoker.java:820)
	at org.testng.internal.Invoker.invokeTestMethods(Invoker.java:1128)
	at org.testng.internal.TestMethodWorker.invokeTestMethods(TestMethodWorker.java:129)
	at org.testng.internal.TestMethodWorker.run(TestMethodWorker.java:112)
	at java.util.concurrent.ThreadPoolExecutor.runWorker(ThreadPoolExecutor.java:1142)
	at java.util.concurrent.ThreadPoolExecutor$Worker.run(ThreadPoolExecutor.java:617)
	at java.lang.Thread.run(Thread.java:745)
]]>
            </full-stacktrace>
          </exception> <!-- java.lang.AssertionError -->
          <reporter-output>
          </reporter-output>
        </test-method> <!-- testTextErrorTwoForm -->
        <test-method status="PASS" signature="testTextFirstForm()[pri:0, instance:com.redmine.tests.TestLogin@2b4bac49]" name="testTextFirstForm" duration-ms="2724" started-at="2016-09-20T23:29:53Z" finished-at="2016-09-20T23:29:56Z">
          <reporter-output>
          </reporter-output>
        </test-method> <!-- testTextFirstForm -->
        <test-method status="PASS" signature="testTwoFormPresent()[pri:0, instance:com.redmine.tests.TestLogin@2b4bac49]" name="testTwoFormPresent" duration-ms="6552" started-at="2016-09-20T23:29:56Z" finished-at="2016-09-20T23:30:02Z">
          <reporter-output>
          </reporter-output>
        </test-method> <!-- testTwoFormPresent -->
      </class> <!-- com.redmine.tests.TestLogin -->
    </test> <!-- Surefire test -->
  </suite> <!-- Surefire suite -->
</testng-results>
